<?xml version="1.0" encoding="UTF-8"?>
<!-- Generated by org.testng.reporters.JUnitReportReporter -->
<testsuite hostname="huyajundeMacBook-Pro.local" name="com.yunpian.api.sendW_sms" tests="6" failures="0" timestamp="25 Jan 2018 07:16:16 GMT" time="0.288" errors="0">
  <testcase name="test_sendW_sms" time="0.117" classname="com.yunpian.api.sendW_sms"/>
  <testcase name="test_sendW_sms" time="0.039" classname="com.yunpian.api.sendW_sms"/>
  <testcase name="test_sendW_sms" time="0.034" classname="com.yunpian.api.sendW_sms"/>
  <testcase name="test_sendW_sms" time="0.033" classname="com.yunpian.api.sendW_sms"/>
  <testcase name="test_sendW_sms" time="0.029" classname="com.yunpian.api.sendW_sms"/>
  <testcase name="test_sendW_sms" time="0.036" classname="com.yunpian.api.sendW_sms"/>
</testsuite> <!-- com.yunpian.api.sendW_sms -->
