<?xml version="1.0" encoding="UTF-8"?>
<!-- Generated by org.testng.reporters.JUnitReportReporter -->
<testsuite hostname="huyajundeMacBook-Pro.local" name="com.yunpian.api.tplWdel" tests="1" failures="0" timestamp="25 Jan 2018 09:29:09 GMT" time="0.182" errors="0">
  <testcase name="test_tplWdel" time="0.182" classname="com.yunpian.api.tplWdel"/>
</testsuite> <!-- com.yunpian.api.tplWdel -->
