<?xml version="1.0" encoding="UTF-8"?>
<!-- Generated by org.testng.reporters.JUnitReportReporter -->
<testsuite hostname="huyajundeMacBook-Pro.local" name="com.yunpian.api.tplWlist" tests="5" failures="0" timestamp="25 Jan 2018 07:36:40 GMT" time="0.258" errors="0">
  <testcase name="test_tplWlist" time="0.049" classname="com.yunpian.api.tplWlist"/>
  <testcase name="test_tplWlist" time="0.030" classname="com.yunpian.api.tplWlist"/>
  <testcase name="test_tplWlist" time="0.029" classname="com.yunpian.api.tplWlist"/>
  <testcase name="test_tplWlist" time="0.026" classname="com.yunpian.api.tplWlist"/>
  <testcase name="test_tplWlist" time="0.124" classname="com.yunpian.api.tplWlist"/>
</testsuite> <!-- com.yunpian.api.tplWlist -->
