<?xml version="1.0" encoding="UTF-8"?>
<!-- Generated by org.testng.reporters.JUnitReportReporter -->
<testsuite hostname="huyajundeMacBook-Pro.local" name="com.yunpian.api.smsN_reply" tests="4" failures="0" timestamp="24 Jan 2018 10:02:33 GMT" time="0.650" errors="0">
  <testcase name="test_smsN_reply" time="0.139" classname="com.yunpian.api.smsN_reply"/>
  <testcase name="test_smsN_reply" time="0.151" classname="com.yunpian.api.smsN_reply"/>
  <testcase name="test_smsN_reply" time="0.143" classname="com.yunpian.api.smsN_reply"/>
  <testcase name="test_smsN_reply" time="0.217" classname="com.yunpian.api.smsN_reply"/>
</testsuite> <!-- com.yunpian.api.smsN_reply -->
