<?xml version="1.0" encoding="UTF-8"?>
<!-- Generated by org.testng.reporters.JUnitReportReporter -->
<testsuite hostname="huyajundeMacBook-Pro.local" name="com.yunpian.api.pushTest" tests="1" failures="0" timestamp="22 Jan 2018 09:43:07 GMT" time="0.110" errors="0">
  <testcase name="test_pushTest" time="0.110" classname="com.yunpian.api.pushTest"/>
</testsuite> <!-- com.yunpian.api.pushTest -->
