<?xml version="1.0" encoding="UTF-8"?>
<!-- Generated by org.testng.reporters.JUnitReportReporter -->
<testsuite hostname="huyajundeMacBook-Pro.local" name="com.yunpian.api.blacklist" tests="4" failures="0" timestamp="24 Jan 2018 03:31:49 GMT" time="0.464" errors="0">
  <testcase name="test_blacklist" time="0.097" classname="com.yunpian.api.blacklist"/>
  <testcase name="test_blacklist" time="0.093" classname="com.yunpian.api.blacklist"/>
  <testcase name="test_blacklist" time="0.098" classname="com.yunpian.api.blacklist"/>
  <testcase name="test_blacklist" time="0.176" classname="com.yunpian.api.blacklist"/>
</testsuite> <!-- com.yunpian.api.blacklist -->
