<?xml version="1.0" encoding="UTF-8"?>
<!-- Generated by org.testng.reporters.JUnitReportReporter -->
<testsuite hostname="huyajundeMacBook-Pro.local" name="com.yunpian.api.getShortUrl" tests="1" failures="0" timestamp="20 Dec 2017 07:14:23 GMT" time="0.100" errors="0">
  <testcase name="test_getShortUrl" time="0.100" classname="com.yunpian.api.getShortUrl"/>
</testsuite> <!-- com.yunpian.api.getShortUrl -->
