<?xml version="1.0" encoding="UTF-8"?>
<!-- Generated by org.testng.reporters.JUnitReportReporter -->
<testsuite hostname="huyajundeMacBook-Pro.local" name="com.yunpian.api.createShortUrl" tests="1" failures="0" timestamp="22 Jan 2018 09:43:27 GMT" time="0.025" errors="0">
  <testcase name="test_createShortUrl" time="0.025" classname="com.yunpian.api.createShortUrl"/>
</testsuite> <!-- com.yunpian.api.createShortUrl -->
