<?xml version="1.0" encoding="UTF-8"?>
<!-- Generated by org.testng.reporters.JUnitReportReporter -->
<testsuite hostname="huyajundeMacBook-Pro.local" name="com.yunpian.api.Ndelay" tests="12" failures="0" timestamp="24 Jan 2018 06:38:36 GMT" time="0.378" errors="0">
  <testcase name="test_Ndelay" time="0.019" classname="com.yunpian.api.Ndelay"/>
  <testcase name="test_Ndelay" time="0.022" classname="com.yunpian.api.Ndelay"/>
  <testcase name="test_Ndelay" time="0.022" classname="com.yunpian.api.Ndelay"/>
  <testcase name="test_Ndelay" time="0.021" classname="com.yunpian.api.Ndelay"/>
  <testcase name="test_Ndelay" time="0.026" classname="com.yunpian.api.Ndelay"/>
  <testcase name="test_Ndelay" time="0.021" classname="com.yunpian.api.Ndelay"/>
  <testcase name="test_Ndelay" time="0.137" classname="com.yunpian.api.Ndelay"/>
  <testcase name="test_Ndelay" time="0.023" classname="com.yunpian.api.Ndelay"/>
  <testcase name="test_Ndelay" time="0.021" classname="com.yunpian.api.Ndelay"/>
  <testcase name="test_Ndelay" time="0.021" classname="com.yunpian.api.Ndelay"/>
  <testcase name="test_Ndelay" time="0.023" classname="com.yunpian.api.Ndelay"/>
  <testcase name="test_Ndelay" time="0.022" classname="com.yunpian.api.Ndelay"/>
</testsuite> <!-- com.yunpian.api.Ndelay -->
