<?xml version="1.0" encoding="UTF-8"?>
<!-- Generated by org.testng.reporters.JUnitReportReporter -->
<testsuite hostname="huyajundeMacBook-Pro.local" name="com.yunpian.api.blacklist" tests="1" failures="0" timestamp="20 Dec 2017 06:49:42 GMT" time="0.383" errors="0">
  <testcase name="test_blacklist" time="0.383" classname="com.yunpian.api.blacklist"/>
</testsuite> <!-- com.yunpian.api.blacklist -->
