<?xml version="1.0" encoding="UTF-8"?>
<!-- Generated by org.testng.reporters.JUnitReportReporter -->
<testsuite hostname="huyajundeMacBook-Pro.local" name="com.yunpian.api.tplWadd" tests="10" failures="0" timestamp="25 Jan 2018 09:15:35 GMT" time="1.049" errors="0">
  <testcase name="test_tplWadd" time="0.145" classname="com.yunpian.api.tplWadd"/>
  <testcase name="test_tplWadd" time="0.100" classname="com.yunpian.api.tplWadd"/>
  <testcase name="test_tplWadd" time="0.155" classname="com.yunpian.api.tplWadd"/>
  <testcase name="test_tplWadd" time="0.087" classname="com.yunpian.api.tplWadd"/>
  <testcase name="test_tplWadd" time="0.101" classname="com.yunpian.api.tplWadd"/>
  <testcase name="test_tplWadd" time="0.102" classname="com.yunpian.api.tplWadd"/>
  <testcase name="test_tplWadd" time="0.084" classname="com.yunpian.api.tplWadd"/>
  <testcase name="test_tplWadd" time="0.090" classname="com.yunpian.api.tplWadd"/>
  <testcase name="test_tplWadd" time="0.094" classname="com.yunpian.api.tplWadd"/>
  <testcase name="test_tplWadd" time="0.091" classname="com.yunpian.api.tplWadd"/>
</testsuite> <!-- com.yunpian.api.tplWadd -->
