<?xml version="1.0" encoding="UTF-8"?>
<!-- Generated by org.testng.reporters.JUnitReportReporter -->
<testsuite hostname="huyajundeMacBook-Pro.local" name="com.yunpian.api.inspectNTest" tests="4" failures="0" timestamp="24 Jan 2018 07:07:53 GMT" time="0.231" errors="0">
  <testcase name="test_inspectNTest" time="0.022" classname="com.yunpian.api.inspectNTest"/>
  <testcase name="test_inspectNTest" time="0.141" classname="com.yunpian.api.inspectNTest"/>
  <testcase name="test_inspectNTest" time="0.050" classname="com.yunpian.api.inspectNTest"/>
  <testcase name="test_inspectNTest" time="0.018" classname="com.yunpian.api.inspectNTest"/>
</testsuite> <!-- com.yunpian.api.inspectNTest -->
