<?xml version="1.0" encoding="UTF-8"?>
<!-- Generated by org.testng.reporters.JUnitReportReporter -->
<testsuite hostname="huyajundeMacBook-Pro.local" name="com.yunpian.api.getIngAndSuccessSigns" tests="2" failures="0" timestamp="23 Jan 2018 03:32:51 GMT" time="0.152" errors="0">
  <testcase name="test_getIngAndSuccessSigns" time="0.036" classname="com.yunpian.api.getIngAndSuccessSigns"/>
  <testcase name="test_getIngAndSuccessSigns" time="0.116" classname="com.yunpian.api.getIngAndSuccessSigns"/>
</testsuite> <!-- com.yunpian.api.getIngAndSuccessSigns -->
