<?xml version="1.0" encoding="UTF-8"?>
<!-- Generated by org.testng.reporters.JUnitReportReporter -->
<testsuite hostname="huyajundeMacBook-Pro.local" name="com.yunpian.api.sendNsms" tests="6" failures="0" timestamp="22 Jan 2018 09:43:12 GMT" time="0.170" errors="0">
  <testcase name="test_sendNsms" time="0.027" classname="com.yunpian.api.sendNsms"/>
  <testcase name="test_sendNsms" time="0.030" classname="com.yunpian.api.sendNsms"/>
  <testcase name="test_sendNsms" time="0.031" classname="com.yunpian.api.sendNsms"/>
  <testcase name="test_sendNsms" time="0.032" classname="com.yunpian.api.sendNsms"/>
  <testcase name="test_sendNsms" time="0.022" classname="com.yunpian.api.sendNsms"/>
  <testcase name="test_sendNsms" time="0.028" classname="com.yunpian.api.sendNsms"/>
</testsuite> <!-- com.yunpian.api.sendNsms -->
