<?xml version="1.0" encoding="UTF-8"?>
<!-- Generated by org.testng.reporters.JUnitReportReporter -->
<testsuite hostname="huyajundeMacBook-Pro.local" name="com.yunpian.api.getNDetail" tests="4" failures="0" timestamp="24 Jan 2018 08:31:06 GMT" time="0.207" errors="0">
  <testcase name="test_getNDetail" time="0.031" classname="com.yunpian.api.getNDetail"/>
  <testcase name="test_getNDetail" time="0.116" classname="com.yunpian.api.getNDetail"/>
  <testcase name="test_getNDetail" time="0.029" classname="com.yunpian.api.getNDetail"/>
  <testcase name="test_getNDetail" time="0.031" classname="com.yunpian.api.getNDetail"/>
</testsuite> <!-- com.yunpian.api.getNDetail -->
