<?xml version="1.0" encoding="UTF-8"?>
<!-- Generated by org.testng.reporters.JUnitReportReporter -->
<testsuite hostname="huyajundeMacBook-Pro.local" name="com.yunpian.api.getHistoryContentList" tests="2" failures="0" timestamp="23 Jan 2018 09:04:54 GMT" time="0.139" errors="0">
  <testcase name="test_getHistoryContentList" time="0.027" classname="com.yunpian.api.getHistoryContentList"/>
  <testcase name="test_getHistoryContentList" time="0.112" classname="com.yunpian.api.getHistoryContentList"/>
</testsuite> <!-- com.yunpian.api.getHistoryContentList -->
