<?xml version="1.0" encoding="UTF-8"?>
<!-- Generated by org.testng.reporters.JUnitReportReporter -->
<testsuite hostname="huyajundeMacBook-Pro.local" name="com.yunpian.api.smsW_record" tests="4" failures="0" timestamp="25 Jan 2018 09:40:49 GMT" time="0.321" errors="0">
  <testcase name="test_smsW_record" time="0.037" classname="com.yunpian.api.smsW_record"/>
  <testcase name="test_smsW_record" time="0.041" classname="com.yunpian.api.smsW_record"/>
  <testcase name="test_smsW_record" time="0.063" classname="com.yunpian.api.smsW_record"/>
  <testcase name="test_smsW_record" time="0.180" classname="com.yunpian.api.smsW_record"/>
</testsuite> <!-- com.yunpian.api.smsW_record -->
