<?xml version="1.0" encoding="UTF-8"?>
<!-- Generated by org.testng.reporters.JUnitReportReporter -->
<testsuite hostname="huyajundeMacBook-Pro.local" name="com.yunpian.api.Nhistory" tests="4" failures="0" timestamp="23 Jan 2018 10:57:13 GMT" time="0.207" errors="0">
  <testcase name="test_Nhistory" time="0.024" classname="com.yunpian.api.Nhistory"/>
  <testcase name="test_Nhistory" time="0.130" classname="com.yunpian.api.Nhistory"/>
  <testcase name="test_Nhistory" time="0.024" classname="com.yunpian.api.Nhistory"/>
  <testcase name="test_Nhistory" time="0.029" classname="com.yunpian.api.Nhistory"/>
</testsuite> <!-- com.yunpian.api.Nhistory -->
