<?xml version="1.0" encoding="UTF-8"?>
<!-- Generated by org.testng.reporters.JUnitReportReporter -->
<testsuite hostname="huyajundeMacBook-Pro.local" name="com.yunpian.api.smsN_count" tests="1" failures="0" timestamp="24 Jan 2018 07:06:22 GMT" time="0.116" errors="0">
  <testcase name="test_smsN_count" time="0.116" classname="com.yunpian.api.smsN_count"/>
</testsuite> <!-- com.yunpian.api.smsN_count -->
