<?xml version="1.0" encoding="UTF-8"?>
<!-- Generated by org.testng.reporters.JUnitReportReporter -->
<testsuite hostname="huyajundeMacBook-Pro.local" name="com.yunpian.api.failedNDist" tests="8" failures="0" timestamp="23 Jan 2018 11:14:00 GMT" time="0.252" errors="0">
  <testcase name="test_failedNDist" time="0.024" classname="com.yunpian.api.failedNDist"/>
  <testcase name="test_failedNDist" time="0.020" classname="com.yunpian.api.failedNDist"/>
  <testcase name="test_failedNDist" time="0.020" classname="com.yunpian.api.failedNDist"/>
  <testcase name="test_failedNDist" time="0.023" classname="com.yunpian.api.failedNDist"/>
  <testcase name="test_failedNDist" time="0.023" classname="com.yunpian.api.failedNDist"/>
  <testcase name="test_failedNDist" time="0.020" classname="com.yunpian.api.failedNDist"/>
  <testcase name="test_failedNDist" time="0.102" classname="com.yunpian.api.failedNDist"/>
  <testcase name="test_failedNDist" time="0.020" classname="com.yunpian.api.failedNDist"/>
</testsuite> <!-- com.yunpian.api.failedNDist -->
