<?xml version="1.0" encoding="UTF-8"?>
<!-- Generated by org.testng.reporters.JUnitReportReporter -->
<testsuite hostname="huyajundeMacBook-Pro.local" name="com.yunpian.api.sendGsms" tests="6" failures="0" timestamp="22 Jan 2018 11:17:25 GMT" time="0.284" errors="0">
  <testcase name="test_sendNsms" time="0.028" classname="com.yunpian.api.sendGsms"/>
  <testcase name="test_sendNsms" time="0.024" classname="com.yunpian.api.sendGsms"/>
  <testcase name="test_sendNsms" time="0.136" classname="com.yunpian.api.sendGsms"/>
  <testcase name="test_sendNsms" time="0.028" classname="com.yunpian.api.sendGsms"/>
  <testcase name="test_sendNsms" time="0.033" classname="com.yunpian.api.sendGsms"/>
  <testcase name="test_sendNsms" time="0.035" classname="com.yunpian.api.sendGsms"/>
</testsuite> <!-- com.yunpian.api.sendGsms -->
