<?xml version="1.0" encoding="UTF-8"?>
<!-- Generated by org.testng.reporters.JUnitReportReporter -->
<testsuite hostname="huyajundeMacBook-Pro.local" name="com.yunpian.api.signNdelete" tests="1" failures="0" timestamp="22 Jan 2018 11:32:28 GMT" time="0.123" errors="0">
  <testcase name="test_signNdelete" time="0.123" classname="com.yunpian.api.signNdelete"/>
</testsuite> <!-- com.yunpian.api.signNdelete -->
