<?xml version="1.0" encoding="UTF-8"?>
<!-- Generated by org.testng.reporters.JUnitReportReporter -->
<testsuite hostname="huyajundeMacBook-Pro.local" name="com.yunpian.api.pushTest" tests="1" failures="0" timestamp="20 Dec 2017 06:49:47 GMT" time="0.109" errors="0">
  <testcase name="test_pushTest" time="0.109" classname="com.yunpian.api.pushTest"/>
</testsuite> <!-- com.yunpian.api.pushTest -->
