<?xml version="1.0" encoding="UTF-8"?>
<!-- Generated by org.testng.reporters.JUnitReportReporter -->
<testsuite hostname="huyajundeMacBook-Pro.local" name="com.yunpian.api.whiteNTest" tests="4" failures="0" timestamp="22 Jan 2018 09:43:02 GMT" time="0.090" errors="0">
  <testcase name="test_whiteNTest" time="0.023" classname="com.yunpian.api.whiteNTest"/>
  <testcase name="test_whiteNTest" time="0.022" classname="com.yunpian.api.whiteNTest"/>
  <testcase name="test_whiteNTest" time="0.022" classname="com.yunpian.api.whiteNTest"/>
  <testcase name="test_whiteNTest" time="0.023" classname="com.yunpian.api.whiteNTest"/>
</testsuite> <!-- com.yunpian.api.whiteNTest -->
