<?xml version="1.0" encoding="UTF-8"?>
<!-- Generated by org.testng.reporters.JUnitReportReporter -->
<testsuite hostname="huyajundeMacBook-Pro.local" name="com.yunpian.api.Warrive" tests="6" failures="0" timestamp="26 Jan 2018 02:37:05 GMT" time="0.967" errors="0">
  <testcase name="test_Warrive" time="0.021" classname="com.yunpian.api.Warrive"/>
  <testcase name="test_Warrive" time="0.021" classname="com.yunpian.api.Warrive"/>
  <testcase name="test_Warrive" time="0.319" classname="com.yunpian.api.Warrive"/>
  <testcase name="test_Warrive" time="0.146" classname="com.yunpian.api.Warrive"/>
  <testcase name="test_Warrive" time="0.024" classname="com.yunpian.api.Warrive"/>
  <testcase name="test_Warrive" time="0.436" classname="com.yunpian.api.Warrive"/>
</testsuite> <!-- com.yunpian.api.Warrive -->
