<?xml version="1.0" encoding="UTF-8"?>
<!-- Generated by org.testng.reporters.JUnitReportReporter -->
<testsuite hostname="huyajundeMacBook-Pro.local" name="com.yunpian.api.whiteGNTest" tests="1" failures="0" timestamp="22 Jan 2018 09:43:32 GMT" time="0.021" errors="0">
  <testcase name="test_whiteGNTest" time="0.021" classname="com.yunpian.api.whiteGNTest"/>
</testsuite> <!-- com.yunpian.api.whiteGNTest -->
