<?xml version="1.0" encoding="UTF-8"?>
<!-- Generated by org.testng.reporters.JUnitReportReporter -->
<testsuite hostname="huyajundeMacBook-Pro.local" name="com.yunpian.api.loginTest" tests="5" failures="0" timestamp="22 Jan 2018 09:42:52 GMT" time="0.470" errors="0">
  <testcase name="test_loginTest" time="0.014" classname="com.yunpian.api.loginTest"/>
  <testcase name="test_loginTest" time="0.016" classname="com.yunpian.api.loginTest"/>
  <testcase name="test_loginTest" time="0.409" classname="com.yunpian.api.loginTest"/>
  <testcase name="test_loginTest" time="0.014" classname="com.yunpian.api.loginTest"/>
  <testcase name="test_loginTest" time="0.017" classname="com.yunpian.api.loginTest"/>
</testsuite> <!-- com.yunpian.api.loginTest -->
