<?xml version="1.0" encoding="UTF-8"?>
<!-- Generated by org.testng.reporters.JUnitReportReporter -->
<testsuite hostname="huyajundeMacBook-Pro.local" name="com.yunpian.api.tplNlist" tests="4" failures="0" timestamp="23 Jan 2018 03:39:04 GMT" time="0.408" errors="0">
  <testcase name="test_tplNlist" time="0.186" classname="com.yunpian.api.tplNlist"/>
  <testcase name="test_tplNlist" time="0.083" classname="com.yunpian.api.tplNlist"/>
  <testcase name="test_tplNlist" time="0.074" classname="com.yunpian.api.tplNlist"/>
  <testcase name="test_tplNlist" time="0.065" classname="com.yunpian.api.tplNlist"/>
</testsuite> <!-- com.yunpian.api.tplNlist -->
