<?xml version="1.0" encoding="UTF-8"?>
<!-- Generated by org.testng.reporters.JUnitReportReporter -->
<testsuite hostname="huyajundeMacBook-Pro.local" name="com.yunpian.api.getShortUrl" tests="2" failures="0" timestamp="23 Jan 2018 11:54:49 GMT" time="0.174" errors="0">
  <testcase name="test_getShortUrl" time="0.142" classname="com.yunpian.api.getShortUrl"/>
  <testcase name="test_getShortUrl" time="0.032" classname="com.yunpian.api.getShortUrl"/>
</testsuite> <!-- com.yunpian.api.getShortUrl -->
