<?xml version="1.0" encoding="UTF-8"?>
<!-- Generated by org.testng.reporters.JUnitReportReporter -->
<testsuite hostname="huyajundeMacBook-Pro.local" name="com.yunpian.session.base" tests="1" failures="0" timestamp="16 Jan 2018 07:54:14 GMT" time="0.706" errors="0">
  <testcase name="getsession" time="0.706" classname="com.yunpian.session.base"/>
</testsuite> <!-- com.yunpian.session.base -->
