<?xml version="1.0" encoding="UTF-8"?>
<!-- Generated by org.testng.reporters.JUnitReportReporter -->
<testsuite hostname="huyajundeMacBook-Pro.local" name="com.yunpian.api.inspectNTest" tests="4" failures="0" timestamp="22 Jan 2018 09:43:17 GMT" time="0.105" errors="0">
  <testcase name="test_inspectNTest" time="0.022" classname="com.yunpian.api.inspectNTest"/>
  <testcase name="test_inspectNTest" time="0.037" classname="com.yunpian.api.inspectNTest"/>
  <testcase name="test_inspectNTest" time="0.021" classname="com.yunpian.api.inspectNTest"/>
  <testcase name="test_inspectNTest" time="0.025" classname="com.yunpian.api.inspectNTest"/>
</testsuite> <!-- com.yunpian.api.inspectNTest -->
