<?xml version="1.0" encoding="UTF-8"?>
<!-- Generated by org.testng.reporters.JUnitReportReporter -->
<testsuite hostname="huyajundeMacBook-Pro.local" name="com.yunpian.api.smsN_record" tests="4" failures="0" timestamp="24 Jan 2018 06:52:42 GMT" time="0.250" errors="0">
  <testcase name="test_smsN_record" time="0.030" classname="com.yunpian.api.smsN_record"/>
  <testcase name="test_smsN_record" time="0.030" classname="com.yunpian.api.smsN_record"/>
  <testcase name="test_smsN_record" time="0.052" classname="com.yunpian.api.smsN_record"/>
  <testcase name="test_smsN_record" time="0.138" classname="com.yunpian.api.smsN_record"/>
</testsuite> <!-- com.yunpian.api.smsN_record -->
