<?xml version="1.0" encoding="UTF-8"?>
<!-- Generated by org.testng.reporters.JUnitReportReporter -->
<testsuite hostname="huyajundeMacBook-Pro.local" name="com.yunpian.api.tplNadd" tests="5" failures="0" timestamp="23 Jan 2018 03:23:41 GMT" time="0.366" errors="0">
  <testcase name="test_tplNadd" time="0.068" classname="com.yunpian.api.tplNadd"/>
  <testcase name="test_tplNadd" time="0.023" classname="com.yunpian.api.tplNadd"/>
  <testcase name="test_tplNadd" time="0.040" classname="com.yunpian.api.tplNadd"/>
  <testcase name="test_tplNadd" time="0.067" classname="com.yunpian.api.tplNadd"/>
  <testcase name="test_tplNadd" time="0.168" classname="com.yunpian.api.tplNadd"/>
</testsuite> <!-- com.yunpian.api.tplNadd -->
