<?xml version="1.0" encoding="UTF-8"?>
<!-- Generated by org.testng.reporters.JUnitReportReporter -->
<testsuite hostname="huyajundeMacBook-Pro.local" name="com.yunpian.api.signGpost" tests="7" failures="0" timestamp="22 Jan 2018 11:15:49 GMT" time="0.345" errors="0">
  <testcase name="test_signGpost" time="0.029" classname="com.yunpian.api.signGpost"/>
  <testcase name="test_signGpost" time="0.017" classname="com.yunpian.api.signGpost"/>
  <testcase name="test_signGpost" time="0.054" classname="com.yunpian.api.signGpost"/>
  <testcase name="test_signGpost" time="0.034" classname="com.yunpian.api.signGpost"/>
  <testcase name="test_signGpost" time="0.050" classname="com.yunpian.api.signGpost"/>
  <testcase name="test_signGpost" time="0.144" classname="com.yunpian.api.signGpost"/>
  <testcase name="test_signGpost" time="0.017" classname="com.yunpian.api.signGpost"/>
</testsuite> <!-- com.yunpian.api.signGpost -->
