<?xml version="1.0" encoding="UTF-8"?>
<!-- Generated by org.testng.reporters.JUnitReportReporter -->
<testsuite hostname="huyajundeMacBook-Pro.local" name="com.yunpian.api.createShortUrl" tests="1" failures="0" timestamp="20 Dec 2017 07:09:40 GMT" time="0.105" errors="0">
  <testcase name="test_createShortUrl" time="0.105" classname="com.yunpian.api.createShortUrl"/>
</testsuite> <!-- com.yunpian.api.createShortUrl -->
