<?xml version="1.0" encoding="UTF-8"?>
<!-- Generated by org.testng.reporters.JUnitReportReporter -->
<testsuite hostname="huyajundeMacBook-Pro.local" name="com.yunpian.api.signNpost" tests="7" failures="0" timestamp="22 Jan 2018 11:25:32 GMT" time="0.295" errors="0">
  <testcase name="test_signGpost" time="0.016" classname="com.yunpian.api.signNpost"/>
  <testcase name="test_signGpost" time="0.015" classname="com.yunpian.api.signNpost"/>
  <testcase name="test_signGpost" time="0.049" classname="com.yunpian.api.signNpost"/>
  <testcase name="test_signGpost" time="0.029" classname="com.yunpian.api.signNpost"/>
  <testcase name="test_signGpost" time="0.042" classname="com.yunpian.api.signNpost"/>
  <testcase name="test_signGpost" time="0.130" classname="com.yunpian.api.signNpost"/>
  <testcase name="test_signGpost" time="0.014" classname="com.yunpian.api.signNpost"/>
</testsuite> <!-- com.yunpian.api.signNpost -->
