<?xml version="1.0" encoding="UTF-8"?>
<!-- Generated by org.testng.reporters.JUnitReportReporter -->
<testsuite hostname="huyajundeMacBook-Pro.local" name="com.yunpian.api.failedW_dist" tests="6" failures="0" timestamp="26 Jan 2018 03:21:03 GMT" time="0.233" errors="0">
  <testcase name="test_failedW_dist" time="0.026" classname="com.yunpian.api.failedW_dist"/>
  <testcase name="test_failedW_dist" time="0.024" classname="com.yunpian.api.failedW_dist"/>
  <testcase name="test_failedW_dist" time="0.025" classname="com.yunpian.api.failedW_dist"/>
  <testcase name="test_failedW_dist" time="0.025" classname="com.yunpian.api.failedW_dist"/>
  <testcase name="test_failedW_dist" time="0.030" classname="com.yunpian.api.failedW_dist"/>
  <testcase name="test_failedW_dist" time="0.103" classname="com.yunpian.api.failedW_dist"/>
</testsuite> <!-- com.yunpian.api.failedW_dist -->
