<?xml version="1.0" encoding="UTF-8"?>
<!-- Generated by org.testng.reporters.JUnitReportReporter -->
<testsuite hostname="huyajundeMacBook-Pro.local" name="com.yunpian.session.base" tests="1" failures="0" timestamp="20 Dec 2017 03:58:51 GMT" time="0.722" errors="0">
  <testcase name="getsession" time="0.722" classname="com.yunpian.session.base"/>
</testsuite> <!-- com.yunpian.session.base -->
