<?xml version="1.0" encoding="UTF-8"?>
<!-- Generated by org.testng.reporters.JUnitReportReporter -->
<testsuite hostname="huyajundeMacBook-Pro.local" name="com.yunpian.api.sendNApply" tests="5" failures="0" timestamp="23 Jan 2018 11:10:45 GMT" time="0.530" errors="0">
  <testcase name="test_sendNApply" time="0.021" classname="com.yunpian.api.sendNApply"/>
  <testcase name="test_sendNApply" time="0.090" classname="com.yunpian.api.sendNApply"/>
  <testcase name="test_sendNApply" time="0.074" classname="com.yunpian.api.sendNApply"/>
  <testcase name="test_sendNApply" time="0.096" classname="com.yunpian.api.sendNApply"/>
  <testcase name="test_sendNApply" time="0.249" classname="com.yunpian.api.sendNApply"/>
</testsuite> <!-- com.yunpian.api.sendNApply -->
