<?xml version="1.0" encoding="UTF-8"?>
<!-- Generated by org.testng.reporters.JUnitReportReporter -->
<testsuite hostname="huyajundeMacBook-Pro.local" name="com.yunpian.api.tplNdel" tests="1" failures="0" timestamp="23 Jan 2018 06:40:26 GMT" time="0.107" errors="0">
  <testcase name="test_tplNdel" time="0.107" classname="com.yunpian.api.tplNdel"/>
</testsuite> <!-- com.yunpian.api.tplNdel -->
