<?xml version="1.0" encoding="UTF-8"?>
<!-- Generated by org.testng.reporters.JUnitReportReporter -->
<testsuite hostname="huyajundeMacBook-Pro.local" name="com.yunpian.api.recordNlist" tests="4" failures="0" timestamp="24 Jan 2018 03:24:33 GMT" time="0.521" errors="0">
  <testcase name="test_recordNlist" time="0.212" classname="com.yunpian.api.recordNlist"/>
  <testcase name="test_recordNlist" time="0.098" classname="com.yunpian.api.recordNlist"/>
  <testcase name="test_recordNlist" time="0.102" classname="com.yunpian.api.recordNlist"/>
  <testcase name="test_recordNlist" time="0.109" classname="com.yunpian.api.recordNlist"/>
</testsuite> <!-- com.yunpian.api.recordNlist -->
