<?xml version="1.0" encoding="UTF-8"?>
<!-- Generated by org.testng.reporters.JUnitReportReporter -->
<testsuite hostname="huyajundeMacBook-Pro.local" name="com.yunpian.api.tplNlist" tests="4" failures="0" timestamp="25 Jan 2018 07:27:30 GMT" time="0.321" errors="0">
  <testcase name="test_tplNlist" time="0.161" classname="com.yunpian.api.tplNlist"/>
  <testcase name="test_tplNlist" time="0.051" classname="com.yunpian.api.tplNlist"/>
  <testcase name="test_tplNlist" time="0.056" classname="com.yunpian.api.tplNlist"/>
  <testcase name="test_tplNlist" time="0.053" classname="com.yunpian.api.tplNlist"/>
</testsuite> <!-- com.yunpian.api.tplNlist -->
