<?xml version="1.0" encoding="UTF-8"?>
<!-- Generated by org.testng.reporters.JUnitReportReporter -->
<testsuite hostname="huyajundeMacBook-Pro.local" name="com.yunpian.api.Wcountry" tests="1" failures="0" timestamp="26 Jan 2018 02:42:23 GMT" time="0.127" errors="0">
  <testcase name="test_Wcountry" time="0.127" classname="com.yunpian.api.Wcountry"/>
</testsuite> <!-- com.yunpian.api.Wcountry -->
