<?xml version="1.0" encoding="UTF-8"?>
<!-- Generated by org.testng.reporters.JUnitReportReporter -->
<testsuite hostname="huyajundeMacBook-Pro.local" name="com.yunpian.api.signGsearch" tests="4" failures="0" timestamp="22 Jan 2018 10:34:10 GMT" time="0.431" errors="0">
  <testcase name="test_signGsearch" time="0.075" classname="com.yunpian.api.signGsearch"/>
  <testcase name="test_signGsearch" time="0.085" classname="com.yunpian.api.signGsearch"/>
  <testcase name="test_signGsearch" time="0.189" classname="com.yunpian.api.signGsearch"/>
  <testcase name="test_signGsearch" time="0.082" classname="com.yunpian.api.signGsearch"/>
</testsuite> <!-- com.yunpian.api.signGsearch -->
