<?xml version="1.0" encoding="UTF-8"?>
<!-- Generated by org.testng.reporters.JUnitReportReporter -->
<testsuite hostname="huyajundeMacBook-Pro.local" name="com.yunpian.api.smsW_count" tests="1" failures="0" timestamp="25 Jan 2018 09:46:29 GMT" time="0.124" errors="0">
  <testcase name="test_smsW_count" time="0.124" classname="com.yunpian.api.smsW_count"/>
</testsuite> <!-- com.yunpian.api.smsW_count -->
