<?xml version="1.0" encoding="UTF-8"?>
<!-- Generated by org.testng.reporters.JUnitReportReporter -->
<testsuite hostname="huyajundeMacBook-Pro.local" name="com.yunpian.api.add_blacklist" tests="2" failures="0" timestamp="24 Jan 2018 03:40:18 GMT" time="0.204" errors="0">
  <testcase name="test_add_blacklist" time="0.061" classname="com.yunpian.api.add_blacklist"/>
  <testcase name="test_add_blacklist" time="0.143" classname="com.yunpian.api.add_blacklist"/>
</testsuite> <!-- com.yunpian.api.add_blacklist -->
