<?xml version="1.0" encoding="UTF-8"?>
<!-- Generated by org.testng.reporters.JUnitReportReporter -->
<testsuite hostname="huyajundeMacBook-Pro.local" name="com.yunpian.api.Nrealtime" tests="4" failures="0" timestamp="23 Jan 2018 10:48:52 GMT" time="0.845" errors="0">
  <testcase name="test_Nrealtime" time="0.152" classname="com.yunpian.api.Nrealtime"/>
  <testcase name="test_Nrealtime" time="0.417" classname="com.yunpian.api.Nrealtime"/>
  <testcase name="test_Nrealtime" time="0.133" classname="com.yunpian.api.Nrealtime"/>
  <testcase name="test_Nrealtime" time="0.143" classname="com.yunpian.api.Nrealtime"/>
</testsuite> <!-- com.yunpian.api.Nrealtime -->
