<?xml version="1.0" encoding="UTF-8"?>
<!-- Generated by org.testng.reporters.JUnitReportReporter -->
<testsuite hostname="huyajundeMacBook-Pro.local" name="com.yunpian.api.remove_blacklist" tests="2" failures="0" timestamp="24 Jan 2018 03:40:32 GMT" time="0.207" errors="0">
  <testcase name="test_remove_blacklist" time="0.058" classname="com.yunpian.api.remove_blacklist"/>
  <testcase name="test_remove_blacklist" time="0.149" classname="com.yunpian.api.remove_blacklist"/>
</testsuite> <!-- com.yunpian.api.remove_blacklist -->
