<?xml version="1.0" encoding="UTF-8"?>
<!-- Generated by org.testng.reporters.JUnitReportReporter -->
<testsuite hostname="huyajundeMacBook-Pro.local" name="com.yunpian.api.loginMTest" tests="5" failures="0" timestamp="24 Jan 2018 07:40:57 GMT" time="11.260" errors="0">
  <testcase name="test_loginTest" time="0.017" classname="com.yunpian.api.loginMTest"/>
  <testcase name="test_loginTest" time="11.118" classname="com.yunpian.api.loginMTest"/>
  <testcase name="test_loginTest" time="0.087" classname="com.yunpian.api.loginMTest"/>
  <testcase name="test_loginTest" time="0.017" classname="com.yunpian.api.loginMTest"/>
  <testcase name="test_loginTest" time="0.021" classname="com.yunpian.api.loginMTest"/>
</testsuite> <!-- com.yunpian.api.loginMTest -->
