<?xml version="1.0" encoding="UTF-8"?>
<!-- Generated by org.testng.reporters.JUnitReportReporter -->
<testsuite hostname="huyajundeMacBook-Pro.local" name="com.yunpian.api.Wdelay" tests="6" failures="0" timestamp="26 Jan 2018 03:25:18 GMT" time="0.522" errors="0">
  <testcase name="test_Wdelay" time="0.310" classname="com.yunpian.api.Wdelay"/>
  <testcase name="test_Wdelay" time="0.026" classname="com.yunpian.api.Wdelay"/>
  <testcase name="test_Wdelay" time="0.026" classname="com.yunpian.api.Wdelay"/>
  <testcase name="test_Wdelay" time="0.025" classname="com.yunpian.api.Wdelay"/>
  <testcase name="test_Wdelay" time="0.025" classname="com.yunpian.api.Wdelay"/>
  <testcase name="test_Wdelay" time="0.110" classname="com.yunpian.api.Wdelay"/>
</testsuite> <!-- com.yunpian.api.Wdelay -->
