<?xml version="1.0" encoding="UTF-8"?>
<!-- Generated by org.testng.reporters.JUnitReportReporter -->
<testsuite hostname="huyajundeMacBook-Pro.local" name="com.yunpian.api.smsN_blacknumber" tests="4" failures="0" timestamp="24 Jan 2018 08:45:24 GMT" time="0.166" errors="0">
  <testcase name="test_smsN_blacknumber" time="0.022" classname="com.yunpian.api.smsN_blacknumber"/>
  <testcase name="test_smsN_blacknumber" time="0.100" classname="com.yunpian.api.smsN_blacknumber"/>
  <testcase name="test_smsN_blacknumber" time="0.022" classname="com.yunpian.api.smsN_blacknumber"/>
  <testcase name="test_smsN_blacknumber" time="0.022" classname="com.yunpian.api.smsN_blacknumber"/>
</testsuite> <!-- com.yunpian.api.smsN_blacknumber -->
